<?xml version="1.0" encoding="UTF-8"?>
<testsuite xmlns:xsi="http://www.w3.org/2001/XMLSchema-instance" xsi:noNamespaceSchemaLocation="https://maven.apache.org/surefire/maven-surefire-plugin/xsd/surefire-test-report-3.0.xsd" version="3.0" name="com.ota.notes.NotesApplicationTests" time="1.662" tests="1" errors="0" skipped="0" failures="0">
  <properties>
[...]
</properties>
  <testcase name="contextLoads" classname="com.ota.notes.NotesApplicationTests" time="0.465">
    <system-out><![CDATA[11:38:22.685 [main] INFO org.springframework.test.context.support.AnnotationConfigContextLoaderUtils -- Could not detect default configuration classes for test class [com.ota.notes.NotesApplicationTests]: NotesApplicationTests does not declare any static, non-private, non-final, nested classes annotated with @Configuration.
11:38:22.733 [main] INFO org.springframework.boot.test.context.SpringBootTestContextBootstrapper -- Found @SpringBootConfiguration com.ota.notes.NotesApplication for test class com.ota.notes.NotesApplicationTests

  .   ____          _            __ _ _
 /\\ / ___'_ __ _ _(_)_ __  __ _ \ \ \ \
( ( )\___ | '_ | '_| | '_ \/ _` | \ \ \ \
 \\/  ___)| |_)| | | | | || (_| |  ) ) ) )
  '  |____| .__|_| |_|_| |_\__, | / / / /
 =========|_|==============|___/=/_/_/_/
&amp#27;[32m :: Spring Boot :: &amp#27;[39m              &amp#27;[2m (v3.2.3)&amp#27;[0;39m

&amp#27;[2m2024-03-20T11:38:22.948+08:00&amp#27;[0;39m &amp#27;[32m INFO&amp#27;[0;39m &amp#27;[35m6696&amp#27;[0;39m &amp#27;[2m---&amp#27;[0;39m &amp#27;[2m[notes] [           main]&amp#27;[0;39m &amp#27;[2m&amp#27;[0;39m&amp#27;[36mcom.ota.notes.NotesApplicationTests     &amp#27;[0;39m &amp#27;[2m:&amp#27;[0;39m Starting NotesApplicationTests using Java 22 with PID 6696 (started by jessiebrianrevil in /Users/jessiebrianrevil/Projects/OTA-Notes)
&amp#27;[2m2024-03-20T11:38:22.949+08:00&amp#27;[0;39m &amp#27;[32m INFO&amp#27;[0;39m &amp#27;[35m6696&amp#27;[0;39m &amp#27;[2m---&amp#27;[0;39m &amp#27;[2m[notes] [           main]&amp#27;[0;39m &amp#27;[2m&amp#27;[0;39m&amp#27;[36mcom.ota.notes.NotesApplicationTests     &amp#27;[0;39m &amp#27;[2m:&amp#27;[0;39m No active profile set, falling back to 1 default profile: "default"
&amp#27;[2m2024-03-20T11:38:23.775+08:00&amp#27;[0;39m &amp#27;[32m INFO&amp#27;[0;39m &amp#27;[35m6696&amp#27;[0;39m &amp#27;[2m---&amp#27;[0;39m &amp#27;[2m[notes] [           main]&amp#27;[0;39m &amp#27;[2m&amp#27;[0;39m&amp#27;[36mcom.ota.notes.NotesApplicationTests     &amp#27;[0;39m &amp#27;[2m:&amp#27;[0;39m Started NotesApplicationTests in 0.982 seconds (process running for 1.45)
]]></system-out>
    <system-err><![CDATA[WARNING: A Java agent has been loaded dynamically (/Users/jessiebrianrevil/.m2/repository/net/bytebuddy/byte-buddy-agent/1.14.12/byte-buddy-agent-1.14.12.jar)
WARNING: If a serviceability tool is in use, please run with -XX:+EnableDynamicAgentLoading to hide this warning
WARNING: If a serviceability tool is not in use, please run with -Djdk.instrument.traceUsage for more information
WARNING: Dynamic loading of agents will be disallowed by default in a future release
]]></system-err>
  </testcase>
</testsuite>